<?xml version="1.0" encoding="UTF-8"?>
<!-- Generated by org.testng.reporters.JUnitReportReporter -->
<testsuite skipped="0" hostname="DESKTOP-9GMC5NG" name="com.ats.qa.testcases.DashBoardPageTest" tests="1" failures="0" timestamp="06 Feb 2020 15:26:56 GMT" time="22.753" errors="0">
  <testcase name="verifyCreateNewProjectTest" time="22.753" classname="com.ats.qa.testcases.DashBoardPageTest"/>
</testsuite> <!-- com.ats.qa.testcases.DashBoardPageTest -->
